The system is: Darwin - 17.2.0 - x86_64
Compiling the C compiler identification source file "CMakeCCompilerId.c" succeeded.
Compiler: /Applications/Xcode.app/Contents/Developer/Toolchains/XcodeDefault.xctoolchain/usr/bin/cc 
Build flags: 
Id flags:  

The output was:
0


Compilation of the C compiler identification source "CMakeCCompilerId.c" produced "a.out"

The C compiler identification is AppleClang, found in "/Users/mackhartley/Code/School/CompGeo/project/FaceRecC/build/CMakeFiles/3.9.6/CompilerIdC/a.out"

Compiling the CXX compiler identification source file "CMakeCXXCompilerId.cpp" succeeded.
Compiler: /Applications/Xcode.app/Contents/Developer/Toolchains/XcodeDefault.xctoolchain/usr/bin/c++ 
Build flags: 
Id flags:  

The output was:
0


Compilation of the CXX compiler identification source "CMakeCXXCompilerId.cpp" produced "a.out"

The CXX compiler identification is AppleClang, found in "/Users/mackhartley/Code/School/CompGeo/project/FaceRecC/build/CMakeFiles/3.9.6/CompilerIdCXX/a.out"

Determining if the C compiler works passed with the following output:
Change Dir: /Users/mackhartley/Code/School/CompGeo/project/FaceRecC/build/CMakeFiles/CMakeTmp

Run Build Command:"/usr/bin/make" "cmTC_fab59/fast"
/Applications/Xcode.app/Contents/Developer/usr/bin/make -f CMakeFiles/cmTC_fab59.dir/build.make CMakeFiles/cmTC_fab59.dir/build
Building C object CMakeFiles/cmTC_fab59.dir/testCCompiler.c.o
/Applications/Xcode.app/Contents/Developer/Toolchains/XcodeDefault.xctoolchain/usr/bin/cc    -o CMakeFiles/cmTC_fab59.dir/testCCompiler.c.o   -c /Users/mackhartley/Code/School/CompGeo/project/FaceRecC/build/CMakeFiles/CMakeTmp/testCCompiler.c
Linking C executable cmTC_fab59
/usr/local/Cellar/cmake/3.9.6/bin/cmake -E cmake_link_script CMakeFiles/cmTC_fab59.dir/link.txt --verbose=1
/Applications/Xcode.app/Contents/Developer/Toolchains/XcodeDefault.xctoolchain/usr/bin/cc   -Wl,-search_paths_first -Wl,-headerpad_max_install_names   CMakeFiles/cmTC_fab59.dir/testCCompiler.c.o  -o cmTC_fab59 


Detecting C compiler ABI info compiled with the following output:
Change Dir: /Users/mackhartley/Code/School/CompGeo/project/FaceRecC/build/CMakeFiles/CMakeTmp

Run Build Command:"/usr/bin/make" "cmTC_f9427/fast"
/Applications/Xcode.app/Contents/Developer/usr/bin/make -f CMakeFiles/cmTC_f9427.dir/build.make CMakeFiles/cmTC_f9427.dir/build
Building C object CMakeFiles/cmTC_f9427.dir/CMakeCCompilerABI.c.o
/Applications/Xcode.app/Contents/Developer/Toolchains/XcodeDefault.xctoolchain/usr/bin/cc    -o CMakeFiles/cmTC_f9427.dir/CMakeCCompilerABI.c.o   -c /usr/local/Cellar/cmake/3.9.6/share/cmake/Modules/CMakeCCompilerABI.c
Linking C executable cmTC_f9427
/usr/local/Cellar/cmake/3.9.6/bin/cmake -E cmake_link_script CMakeFiles/cmTC_f9427.dir/link.txt --verbose=1
/Applications/Xcode.app/Contents/Developer/Toolchains/XcodeDefault.xctoolchain/usr/bin/cc   -Wl,-search_paths_first -Wl,-headerpad_max_install_names  -v -Wl,-v CMakeFiles/cmTC_f9427.dir/CMakeCCompilerABI.c.o  -o cmTC_f9427 
Apple LLVM version 9.0.0 (clang-900.0.38)
Target: x86_64-apple-darwin17.2.0
Thread model: posix
InstalledDir: /Applications/Xcode.app/Contents/Developer/Toolchains/XcodeDefault.xctoolchain/usr/bin
 "/Applications/Xcode.app/Contents/Developer/Toolchains/XcodeDefault.xctoolchain/usr/bin/ld" -demangle -lto_library /Applications/Xcode.app/Contents/Developer/Toolchains/XcodeDefault.xctoolchain/usr/lib/libLTO.dylib -dynamic -arch x86_64 -macosx_version_min 10.13.0 -o cmTC_f9427 -search_paths_first -headerpad_max_install_names -v CMakeFiles/cmTC_f9427.dir/CMakeCCompilerABI.c.o -lSystem /Applications/Xcode.app/Contents/Developer/Toolchains/XcodeDefault.xctoolchain/usr/lib/clang/9.0.0/lib/darwin/libclang_rt.osx.a
@(#)PROGRAM:ld  PROJECT:ld64-302.3.1
configured to support archs: armv6 armv7 armv7s arm64 i386 x86_64 x86_64h armv6m armv7k armv7m armv7em (tvOS)
Library search paths:
	/usr/lib
	/usr/local/lib
Framework search paths:
	/Library/Frameworks/
	/System/Library/Frameworks/


Parsed C implicit link information from above output:
  link line regex: [^( *|.*[/\])(ld|CMAKE_LINK_STARTFILE-NOTFOUND|([^/\]+-)?ld|collect2)[^/\]*( |$)]
  ignore line: [Change Dir: /Users/mackhartley/Code/School/CompGeo/project/FaceRecC/build/CMakeFiles/CMakeTmp]
  ignore line: []
  ignore line: [Run Build Command:"/usr/bin/make" "cmTC_f9427/fast"]
  ignore line: [/Applications/Xcode.app/Contents/Developer/usr/bin/make -f CMakeFiles/cmTC_f9427.dir/build.make CMakeFiles/cmTC_f9427.dir/build]
  ignore line: [Building C object CMakeFiles/cmTC_f9427.dir/CMakeCCompilerABI.c.o]
  ignore line: [/Applications/Xcode.app/Contents/Developer/Toolchains/XcodeDefault.xctoolchain/usr/bin/cc    -o CMakeFiles/cmTC_f9427.dir/CMakeCCompilerABI.c.o   -c /usr/local/Cellar/cmake/3.9.6/share/cmake/Modules/CMakeCCompilerABI.c]
  ignore line: [Linking C executable cmTC_f9427]
  ignore line: [/usr/local/Cellar/cmake/3.9.6/bin/cmake -E cmake_link_script CMakeFiles/cmTC_f9427.dir/link.txt --verbose=1]
  ignore line: [/Applications/Xcode.app/Contents/Developer/Toolchains/XcodeDefault.xctoolchain/usr/bin/cc   -Wl,-search_paths_first -Wl,-headerpad_max_install_names  -v -Wl,-v CMakeFiles/cmTC_f9427.dir/CMakeCCompilerABI.c.o  -o cmTC_f9427 ]
  ignore line: [Apple LLVM version 9.0.0 (clang-900.0.38)]
  ignore line: [Target: x86_64-apple-darwin17.2.0]
  ignore line: [Thread model: posix]
  ignore line: [InstalledDir: /Applications/Xcode.app/Contents/Developer/Toolchains/XcodeDefault.xctoolchain/usr/bin]
  link line: [ "/Applications/Xcode.app/Contents/Developer/Toolchains/XcodeDefault.xctoolchain/usr/bin/ld" -demangle -lto_library /Applications/Xcode.app/Contents/Developer/Toolchains/XcodeDefault.xctoolchain/usr/lib/libLTO.dylib -dynamic -arch x86_64 -macosx_version_min 10.13.0 -o cmTC_f9427 -search_paths_first -headerpad_max_install_names -v CMakeFiles/cmTC_f9427.dir/CMakeCCompilerABI.c.o -lSystem /Applications/Xcode.app/Contents/Developer/Toolchains/XcodeDefault.xctoolchain/usr/lib/clang/9.0.0/lib/darwin/libclang_rt.osx.a]
    arg [/Applications/Xcode.app/Contents/Developer/Toolchains/XcodeDefault.xctoolchain/usr/bin/ld] ==> ignore
    arg [-demangle] ==> ignore
    arg [-lto_library] ==> ignore, skip following value
    arg [/Applications/Xcode.app/Contents/Developer/Toolchains/XcodeDefault.xctoolchain/usr/lib/libLTO.dylib] ==> skip value of -lto_library
    arg [-dynamic] ==> ignore
    arg [-arch] ==> ignore
    arg [x86_64] ==> ignore
    arg [-macosx_version_min] ==> ignore
    arg [10.13.0] ==> ignore
    arg [-o] ==> ignore
    arg [cmTC_f9427] ==> ignore
    arg [-search_paths_first] ==> ignore
    arg [-headerpad_max_install_names] ==> ignore
    arg [-v] ==> ignore
    arg [CMakeFiles/cmTC_f9427.dir/CMakeCCompilerABI.c.o] ==> ignore
    arg [-lSystem] ==> lib [System]
    arg [/Applications/Xcode.app/Contents/Developer/Toolchains/XcodeDefault.xctoolchain/usr/lib/clang/9.0.0/lib/darwin/libclang_rt.osx.a] ==> lib [/Applications/Xcode.app/Contents/Developer/Toolchains/XcodeDefault.xctoolchain/usr/lib/clang/9.0.0/lib/darwin/libclang_rt.osx.a]
  Library search paths: [;/usr/lib;/usr/local/lib]
  Framework search paths: [;/Library/Frameworks/;/System/Library/Frameworks/]
  remove lib [System]
  remove lib [/Applications/Xcode.app/Contents/Developer/Toolchains/XcodeDefault.xctoolchain/usr/lib/clang/9.0.0/lib/darwin/libclang_rt.osx.a]
  collapse library dir [/usr/lib] ==> [/usr/lib]
  collapse library dir [/usr/local/lib] ==> [/usr/local/lib]
  collapse framework dir [/Library/Frameworks/] ==> [/Library/Frameworks]
  collapse framework dir [/System/Library/Frameworks/] ==> [/System/Library/Frameworks]
  implicit libs: []
  implicit dirs: [/usr/lib;/usr/local/lib]
  implicit fwks: [/Library/Frameworks;/System/Library/Frameworks]




Detecting C [-std=c11] compiler features compiled with the following output:
Change Dir: /Users/mackhartley/Code/School/CompGeo/project/FaceRecC/build/CMakeFiles/CMakeTmp

Run Build Command:"/usr/bin/make" "cmTC_78b95/fast"
/Applications/Xcode.app/Contents/Developer/usr/bin/make -f CMakeFiles/cmTC_78b95.dir/build.make CMakeFiles/cmTC_78b95.dir/build
Building C object CMakeFiles/cmTC_78b95.dir/feature_tests.c.o
/Applications/Xcode.app/Contents/Developer/Toolchains/XcodeDefault.xctoolchain/usr/bin/cc   -std=c11 -o CMakeFiles/cmTC_78b95.dir/feature_tests.c.o   -c /Users/mackhartley/Code/School/CompGeo/project/FaceRecC/build/CMakeFiles/feature_tests.c
Linking C executable cmTC_78b95
/usr/local/Cellar/cmake/3.9.6/bin/cmake -E cmake_link_script CMakeFiles/cmTC_78b95.dir/link.txt --verbose=1
/Applications/Xcode.app/Contents/Developer/Toolchains/XcodeDefault.xctoolchain/usr/bin/cc   -Wl,-search_paths_first -Wl,-headerpad_max_install_names   CMakeFiles/cmTC_78b95.dir/feature_tests.c.o  -o cmTC_78b95 


    Feature record: C_FEATURE:1c_function_prototypes
    Feature record: C_FEATURE:1c_restrict
    Feature record: C_FEATURE:1c_static_assert
    Feature record: C_FEATURE:1c_variadic_macros


Detecting C [-std=c99] compiler features compiled with the following output:
Change Dir: /Users/mackhartley/Code/School/CompGeo/project/FaceRecC/build/CMakeFiles/CMakeTmp

Run Build Command:"/usr/bin/make" "cmTC_dda61/fast"
/Applications/Xcode.app/Contents/Developer/usr/bin/make -f CMakeFiles/cmTC_dda61.dir/build.make CMakeFiles/cmTC_dda61.dir/build
Building C object CMakeFiles/cmTC_dda61.dir/feature_tests.c.o
/Applications/Xcode.app/Contents/Developer/Toolchains/XcodeDefault.xctoolchain/usr/bin/cc   -std=c99 -o CMakeFiles/cmTC_dda61.dir/feature_tests.c.o   -c /Users/mackhartley/Code/School/CompGeo/project/FaceRecC/build/CMakeFiles/feature_tests.c
Linking C executable cmTC_dda61
/usr/local/Cellar/cmake/3.9.6/bin/cmake -E cmake_link_script CMakeFiles/cmTC_dda61.dir/link.txt --verbose=1
/Applications/Xcode.app/Contents/Developer/Toolchains/XcodeDefault.xctoolchain/usr/bin/cc   -Wl,-search_paths_first -Wl,-headerpad_max_install_names   CMakeFiles/cmTC_dda61.dir/feature_tests.c.o  -o cmTC_dda61 


    Feature record: C_FEATURE:1c_function_prototypes
    Feature record: C_FEATURE:1c_restrict
    Feature record: C_FEATURE:0c_static_assert
    Feature record: C_FEATURE:1c_variadic_macros


Detecting C [-std=c90] compiler features compiled with the following output:
Change Dir: /Users/mackhartley/Code/School/CompGeo/project/FaceRecC/build/CMakeFiles/CMakeTmp

Run Build Command:"/usr/bin/make" "cmTC_db91f/fast"
/Applications/Xcode.app/Contents/Developer/usr/bin/make -f CMakeFiles/cmTC_db91f.dir/build.make CMakeFiles/cmTC_db91f.dir/build
Building C object CMakeFiles/cmTC_db91f.dir/feature_tests.c.o
/Applications/Xcode.app/Contents/Developer/Toolchains/XcodeDefault.xctoolchain/usr/bin/cc   -std=c90 -o CMakeFiles/cmTC_db91f.dir/feature_tests.c.o   -c /Users/mackhartley/Code/School/CompGeo/project/FaceRecC/build/CMakeFiles/feature_tests.c
Linking C executable cmTC_db91f
/usr/local/Cellar/cmake/3.9.6/bin/cmake -E cmake_link_script CMakeFiles/cmTC_db91f.dir/link.txt --verbose=1
/Applications/Xcode.app/Contents/Developer/Toolchains/XcodeDefault.xctoolchain/usr/bin/cc   -Wl,-search_paths_first -Wl,-headerpad_max_install_names   CMakeFiles/cmTC_db91f.dir/feature_tests.c.o  -o cmTC_db91f 


    Feature record: C_FEATURE:1c_function_prototypes
    Feature record: C_FEATURE:0c_restrict
    Feature record: C_FEATURE:0c_static_assert
    Feature record: C_FEATURE:0c_variadic_macros
Determining if the CXX compiler works passed with the following output:
Change Dir: /Users/mackhartley/Code/School/CompGeo/project/FaceRecC/build/CMakeFiles/CMakeTmp

Run Build Command:"/usr/bin/make" "cmTC_87a7b/fast"
/Applications/Xcode.app/Contents/Developer/usr/bin/make -f CMakeFiles/cmTC_87a7b.dir/build.make CMakeFiles/cmTC_87a7b.dir/build
Building CXX object CMakeFiles/cmTC_87a7b.dir/testCXXCompiler.cxx.o
/Applications/Xcode.app/Contents/Developer/Toolchains/XcodeDefault.xctoolchain/usr/bin/c++     -o CMakeFiles/cmTC_87a7b.dir/testCXXCompiler.cxx.o -c /Users/mackhartley/Code/School/CompGeo/project/FaceRecC/build/CMakeFiles/CMakeTmp/testCXXCompiler.cxx
Linking CXX executable cmTC_87a7b
/usr/local/Cellar/cmake/3.9.6/bin/cmake -E cmake_link_script CMakeFiles/cmTC_87a7b.dir/link.txt --verbose=1
/Applications/Xcode.app/Contents/Developer/Toolchains/XcodeDefault.xctoolchain/usr/bin/c++    -Wl,-search_paths_first -Wl,-headerpad_max_install_names   CMakeFiles/cmTC_87a7b.dir/testCXXCompiler.cxx.o  -o cmTC_87a7b 


Detecting CXX compiler ABI info compiled with the following output:
Change Dir: /Users/mackhartley/Code/School/CompGeo/project/FaceRecC/build/CMakeFiles/CMakeTmp

Run Build Command:"/usr/bin/make" "cmTC_4ca4e/fast"
/Applications/Xcode.app/Contents/Developer/usr/bin/make -f CMakeFiles/cmTC_4ca4e.dir/build.make CMakeFiles/cmTC_4ca4e.dir/build
Building CXX object CMakeFiles/cmTC_4ca4e.dir/CMakeCXXCompilerABI.cpp.o
/Applications/Xcode.app/Contents/Developer/Toolchains/XcodeDefault.xctoolchain/usr/bin/c++     -o CMakeFiles/cmTC_4ca4e.dir/CMakeCXXCompilerABI.cpp.o -c /usr/local/Cellar/cmake/3.9.6/share/cmake/Modules/CMakeCXXCompilerABI.cpp
Linking CXX executable cmTC_4ca4e
/usr/local/Cellar/cmake/3.9.6/bin/cmake -E cmake_link_script CMakeFiles/cmTC_4ca4e.dir/link.txt --verbose=1
/Applications/Xcode.app/Contents/Developer/Toolchains/XcodeDefault.xctoolchain/usr/bin/c++    -Wl,-search_paths_first -Wl,-headerpad_max_install_names  -v -Wl,-v CMakeFiles/cmTC_4ca4e.dir/CMakeCXXCompilerABI.cpp.o  -o cmTC_4ca4e 
Apple LLVM version 9.0.0 (clang-900.0.38)
Target: x86_64-apple-darwin17.2.0
Thread model: posix
InstalledDir: /Applications/Xcode.app/Contents/Developer/Toolchains/XcodeDefault.xctoolchain/usr/bin
 "/Applications/Xcode.app/Contents/Developer/Toolchains/XcodeDefault.xctoolchain/usr/bin/ld" -demangle -lto_library /Applications/Xcode.app/Contents/Developer/Toolchains/XcodeDefault.xctoolchain/usr/lib/libLTO.dylib -dynamic -arch x86_64 -macosx_version_min 10.13.0 -o cmTC_4ca4e -search_paths_first -headerpad_max_install_names -v CMakeFiles/cmTC_4ca4e.dir/CMakeCXXCompilerABI.cpp.o -lc++ -lSystem /Applications/Xcode.app/Contents/Developer/Toolchains/XcodeDefault.xctoolchain/usr/lib/clang/9.0.0/lib/darwin/libclang_rt.osx.a
@(#)PROGRAM:ld  PROJECT:ld64-302.3.1
configured to support archs: armv6 armv7 armv7s arm64 i386 x86_64 x86_64h armv6m armv7k armv7m armv7em (tvOS)
Library search paths:
	/usr/lib
	/usr/local/lib
Framework search paths:
	/Library/Frameworks/
	/System/Library/Frameworks/


Parsed CXX implicit link information from above output:
  link line regex: [^( *|.*[/\])(ld|CMAKE_LINK_STARTFILE-NOTFOUND|([^/\]+-)?ld|collect2)[^/\]*( |$)]
  ignore line: [Change Dir: /Users/mackhartley/Code/School/CompGeo/project/FaceRecC/build/CMakeFiles/CMakeTmp]
  ignore line: []
  ignore line: [Run Build Command:"/usr/bin/make" "cmTC_4ca4e/fast"]
  ignore line: [/Applications/Xcode.app/Contents/Developer/usr/bin/make -f CMakeFiles/cmTC_4ca4e.dir/build.make CMakeFiles/cmTC_4ca4e.dir/build]
  ignore line: [Building CXX object CMakeFiles/cmTC_4ca4e.dir/CMakeCXXCompilerABI.cpp.o]
  ignore line: [/Applications/Xcode.app/Contents/Developer/Toolchains/XcodeDefault.xctoolchain/usr/bin/c++     -o CMakeFiles/cmTC_4ca4e.dir/CMakeCXXCompilerABI.cpp.o -c /usr/local/Cellar/cmake/3.9.6/share/cmake/Modules/CMakeCXXCompilerABI.cpp]
  ignore line: [Linking CXX executable cmTC_4ca4e]
  ignore line: [/usr/local/Cellar/cmake/3.9.6/bin/cmake -E cmake_link_script CMakeFiles/cmTC_4ca4e.dir/link.txt --verbose=1]
  ignore line: [/Applications/Xcode.app/Contents/Developer/Toolchains/XcodeDefault.xctoolchain/usr/bin/c++    -Wl,-search_paths_first -Wl,-headerpad_max_install_names  -v -Wl,-v CMakeFiles/cmTC_4ca4e.dir/CMakeCXXCompilerABI.cpp.o  -o cmTC_4ca4e ]
  ignore line: [Apple LLVM version 9.0.0 (clang-900.0.38)]
  ignore line: [Target: x86_64-apple-darwin17.2.0]
  ignore line: [Thread model: posix]
  ignore line: [InstalledDir: /Applications/Xcode.app/Contents/Developer/Toolchains/XcodeDefault.xctoolchain/usr/bin]
  link line: [ "/Applications/Xcode.app/Contents/Developer/Toolchains/XcodeDefault.xctoolchain/usr/bin/ld" -demangle -lto_library /Applications/Xcode.app/Contents/Developer/Toolchains/XcodeDefault.xctoolchain/usr/lib/libLTO.dylib -dynamic -arch x86_64 -macosx_version_min 10.13.0 -o cmTC_4ca4e -search_paths_first -headerpad_max_install_names -v CMakeFiles/cmTC_4ca4e.dir/CMakeCXXCompilerABI.cpp.o -lc++ -lSystem /Applications/Xcode.app/Contents/Developer/Toolchains/XcodeDefault.xctoolchain/usr/lib/clang/9.0.0/lib/darwin/libclang_rt.osx.a]
    arg [/Applications/Xcode.app/Contents/Developer/Toolchains/XcodeDefault.xctoolchain/usr/bin/ld] ==> ignore
    arg [-demangle] ==> ignore
    arg [-lto_library] ==> ignore, skip following value
    arg [/Applications/Xcode.app/Contents/Developer/Toolchains/XcodeDefault.xctoolchain/usr/lib/libLTO.dylib] ==> skip value of -lto_library
    arg [-dynamic] ==> ignore
    arg [-arch] ==> ignore
    arg [x86_64] ==> ignore
    arg [-macosx_version_min] ==> ignore
    arg [10.13.0] ==> ignore
    arg [-o] ==> ignore
    arg [cmTC_4ca4e] ==> ignore
    arg [-search_paths_first] ==> ignore
    arg [-headerpad_max_install_names] ==> ignore
    arg [-v] ==> ignore
    arg [CMakeFiles/cmTC_4ca4e.dir/CMakeCXXCompilerABI.cpp.o] ==> ignore
    arg [-lc++] ==> lib [c++]
    arg [-lSystem] ==> lib [System]
    arg [/Applications/Xcode.app/Contents/Developer/Toolchains/XcodeDefault.xctoolchain/usr/lib/clang/9.0.0/lib/darwin/libclang_rt.osx.a] ==> lib [/Applications/Xcode.app/Contents/Developer/Toolchains/XcodeDefault.xctoolchain/usr/lib/clang/9.0.0/lib/darwin/libclang_rt.osx.a]
  Library search paths: [;/usr/lib;/usr/local/lib]
  Framework search paths: [;/Library/Frameworks/;/System/Library/Frameworks/]
  remove lib [System]
  remove lib [/Applications/Xcode.app/Contents/Developer/Toolchains/XcodeDefault.xctoolchain/usr/lib/clang/9.0.0/lib/darwin/libclang_rt.osx.a]
  collapse library dir [/usr/lib] ==> [/usr/lib]
  collapse library dir [/usr/local/lib] ==> [/usr/local/lib]
  collapse framework dir [/Library/Frameworks/] ==> [/Library/Frameworks]
  collapse framework dir [/System/Library/Frameworks/] ==> [/System/Library/Frameworks]
  implicit libs: [c++]
  implicit dirs: [/usr/lib;/usr/local/lib]
  implicit fwks: [/Library/Frameworks;/System/Library/Frameworks]




Detecting CXX [-std=c++1z] compiler features compiled with the following output:
Change Dir: /Users/mackhartley/Code/School/CompGeo/project/FaceRecC/build/CMakeFiles/CMakeTmp

Run Build Command:"/usr/bin/make" "cmTC_f37fb/fast"
/Applications/Xcode.app/Contents/Developer/usr/bin/make -f CMakeFiles/cmTC_f37fb.dir/build.make CMakeFiles/cmTC_f37fb.dir/build
Building CXX object CMakeFiles/cmTC_f37fb.dir/feature_tests.cxx.o
/Applications/Xcode.app/Contents/Developer/Toolchains/XcodeDefault.xctoolchain/usr/bin/c++    -std=c++1z -o CMakeFiles/cmTC_f37fb.dir/feature_tests.cxx.o -c /Users/mackhartley/Code/School/CompGeo/project/FaceRecC/build/CMakeFiles/feature_tests.cxx
Linking CXX executable cmTC_f37fb
/usr/local/Cellar/cmake/3.9.6/bin/cmake -E cmake_link_script CMakeFiles/cmTC_f37fb.dir/link.txt --verbose=1
/Applications/Xcode.app/Contents/Developer/Toolchains/XcodeDefault.xctoolchain/usr/bin/c++    -Wl,-search_paths_first -Wl,-headerpad_max_install_names   CMakeFiles/cmTC_f37fb.dir/feature_tests.cxx.o  -o cmTC_f37fb 


    Feature record: CXX_FEATURE:1cxx_aggregate_default_initializers
    Feature record: CXX_FEATURE:1cxx_alias_templates
    Feature record: CXX_FEATURE:1cxx_alignas
    Feature record: CXX_FEATURE:1cxx_alignof
    Feature record: CXX_FEATURE:1cxx_attributes
    Feature record: CXX_FEATURE:1cxx_attribute_deprecated
    Feature record: CXX_FEATURE:1cxx_auto_type
    Feature record: CXX_FEATURE:1cxx_binary_literals
    Feature record: CXX_FEATURE:1cxx_constexpr
    Feature record: CXX_FEATURE:1cxx_contextual_conversions
    Feature record: CXX_FEATURE:1cxx_decltype
    Feature record: CXX_FEATURE:1cxx_decltype_auto
    Feature record: CXX_FEATURE:1cxx_decltype_incomplete_return_types
    Feature record: CXX_FEATURE:1cxx_default_function_template_args
    Feature record: CXX_FEATURE:1cxx_defaulted_functions
    Feature record: CXX_FEATURE:1cxx_defaulted_move_initializers
    Feature record: CXX_FEATURE:1cxx_delegating_constructors
    Feature record: CXX_FEATURE:1cxx_deleted_functions
    Feature record: CXX_FEATURE:1cxx_digit_separators
    Feature record: CXX_FEATURE:1cxx_enum_forward_declarations
    Feature record: CXX_FEATURE:1cxx_explicit_conversions
    Feature record: CXX_FEATURE:1cxx_extended_friend_declarations
    Feature record: CXX_FEATURE:1cxx_extern_templates
    Feature record: CXX_FEATURE:1cxx_final
    Feature record: CXX_FEATURE:1cxx_func_identifier
    Feature record: CXX_FEATURE:1cxx_generalized_initializers
    Feature record: CXX_FEATURE:1cxx_generic_lambdas
    Feature record: CXX_FEATURE:1cxx_inheriting_constructors
    Feature record: CXX_FEATURE:1cxx_inline_namespaces
    Feature record: CXX_FEATURE:1cxx_lambdas
    Feature record: CXX_FEATURE:1cxx_lambda_init_captures
    Feature record: CXX_FEATURE:1cxx_local_type_template_args
    Feature record: CXX_FEATURE:1cxx_long_long_type
    Feature record: CXX_FEATURE:1cxx_noexcept
    Feature record: CXX_FEATURE:1cxx_nonstatic_member_init
    Feature record: CXX_FEATURE:1cxx_nullptr
    Feature record: CXX_FEATURE:1cxx_override
    Feature record: CXX_FEATURE:1cxx_range_for
    Feature record: CXX_FEATURE:1cxx_raw_string_literals
    Feature record: CXX_FEATURE:1cxx_reference_qualified_functions
    Feature record: CXX_FEATURE:1cxx_relaxed_constexpr
    Feature record: CXX_FEATURE:1cxx_return_type_deduction
    Feature record: CXX_FEATURE:1cxx_right_angle_brackets
    Feature record: CXX_FEATURE:1cxx_rvalue_references
    Feature record: CXX_FEATURE:1cxx_sizeof_member
    Feature record: CXX_FEATURE:1cxx_static_assert
    Feature record: CXX_FEATURE:1cxx_strong_enums
    Feature record: CXX_FEATURE:1cxx_template_template_parameters
    Feature record: CXX_FEATURE:1cxx_thread_local
    Feature record: CXX_FEATURE:1cxx_trailing_return_types
    Feature record: CXX_FEATURE:1cxx_unicode_literals
    Feature record: CXX_FEATURE:1cxx_uniform_initialization
    Feature record: CXX_FEATURE:1cxx_unrestricted_unions
    Feature record: CXX_FEATURE:1cxx_user_literals
    Feature record: CXX_FEATURE:1cxx_variable_templates
    Feature record: CXX_FEATURE:1cxx_variadic_macros
    Feature record: CXX_FEATURE:1cxx_variadic_templates


Detecting CXX [-std=c++14] compiler features compiled with the following output:
Change Dir: /Users/mackhartley/Code/School/CompGeo/project/FaceRecC/build/CMakeFiles/CMakeTmp

Run Build Command:"/usr/bin/make" "cmTC_032b0/fast"
/Applications/Xcode.app/Contents/Developer/usr/bin/make -f CMakeFiles/cmTC_032b0.dir/build.make CMakeFiles/cmTC_032b0.dir/build
Building CXX object CMakeFiles/cmTC_032b0.dir/feature_tests.cxx.o
/Applications/Xcode.app/Contents/Developer/Toolchains/XcodeDefault.xctoolchain/usr/bin/c++    -std=c++14 -o CMakeFiles/cmTC_032b0.dir/feature_tests.cxx.o -c /Users/mackhartley/Code/School/CompGeo/project/FaceRecC/build/CMakeFiles/feature_tests.cxx
Linking CXX executable cmTC_032b0
/usr/local/Cellar/cmake/3.9.6/bin/cmake -E cmake_link_script CMakeFiles/cmTC_032b0.dir/link.txt --verbose=1
/Applications/Xcode.app/Contents/Developer/Toolchains/XcodeDefault.xctoolchain/usr/bin/c++    -Wl,-search_paths_first -Wl,-headerpad_max_install_names   CMakeFiles/cmTC_032b0.dir/feature_tests.cxx.o  -o cmTC_032b0 


    Feature record: CXX_FEATURE:1cxx_aggregate_default_initializers
    Feature record: CXX_FEATURE:1cxx_alias_templates
    Feature record: CXX_FEATURE:1cxx_alignas
    Feature record: CXX_FEATURE:1cxx_alignof
    Feature record: CXX_FEATURE:1cxx_attributes
    Feature record: CXX_FEATURE:1cxx_attribute_deprecated
    Feature record: CXX_FEATURE:1cxx_auto_type
    Feature record: CXX_FEATURE:1cxx_binary_literals
    Feature record: CXX_FEATURE:1cxx_constexpr
    Feature record: CXX_FEATURE:1cxx_contextual_conversions
    Feature record: CXX_FEATURE:1cxx_decltype
    Feature record: CXX_FEATURE:1cxx_decltype_auto
    Feature record: CXX_FEATURE:1cxx_decltype_incomplete_return_types
    Feature record: CXX_FEATURE:1cxx_default_function_template_args
    Feature record: CXX_FEATURE:1cxx_defaulted_functions
    Feature record: CXX_FEATURE:1cxx_defaulted_move_initializers
    Feature record: CXX_FEATURE:1cxx_delegating_constructors
    Feature record: CXX_FEATURE:1cxx_deleted_functions
    Feature record: CXX_FEATURE:1cxx_digit_separators
    Feature record: CXX_FEATURE:1cxx_enum_forward_declarations
    Feature record: CXX_FEATURE:1cxx_explicit_conversions
    Feature record: CXX_FEATURE:1cxx_extended_friend_declarations
    Feature record: CXX_FEATURE:1cxx_extern_templates
    Feature record: CXX_FEATURE:1cxx_final
    Feature record: CXX_FEATURE:1cxx_func_identifier
    Feature record: CXX_FEATURE:1cxx_generalized_initializers
    Feature record: CXX_FEATURE:1cxx_generic_lambdas
    Feature record: CXX_FEATURE:1cxx_inheriting_constructors
    Feature record: CXX_FEATURE:1cxx_inline_namespaces
    Feature record: CXX_FEATURE:1cxx_lambdas
    Feature record: CXX_FEATURE:1cxx_lambda_init_captures
    Feature record: CXX_FEATURE:1cxx_local_type_template_args
    Feature record: CXX_FEATURE:1cxx_long_long_type
    Feature record: CXX_FEATURE:1cxx_noexcept
    Feature record: CXX_FEATURE:1cxx_nonstatic_member_init
    Feature record: CXX_FEATURE:1cxx_nullptr
    Feature record: CXX_FEATURE:1cxx_override
    Feature record: CXX_FEATURE:1cxx_range_for
    Feature record: CXX_FEATURE:1cxx_raw_string_literals
    Feature record: CXX_FEATURE:1cxx_reference_qualified_functions
    Feature record: CXX_FEATURE:1cxx_relaxed_constexpr
    Feature record: CXX_FEATURE:1cxx_return_type_deduction
    Feature record: CXX_FEATURE:1cxx_right_angle_brackets
    Feature record: CXX_FEATURE:1cxx_rvalue_references
    Feature record: CXX_FEATURE:1cxx_sizeof_member
    Feature record: CXX_FEATURE:1cxx_static_assert
    Feature record: CXX_FEATURE:1cxx_strong_enums
    Feature record: CXX_FEATURE:1cxx_template_template_parameters
    Feature record: CXX_FEATURE:1cxx_thread_local
    Feature record: CXX_FEATURE:1cxx_trailing_return_types
    Feature record: CXX_FEATURE:1cxx_unicode_literals
    Feature record: CXX_FEATURE:1cxx_uniform_initialization
    Feature record: CXX_FEATURE:1cxx_unrestricted_unions
    Feature record: CXX_FEATURE:1cxx_user_literals
    Feature record: CXX_FEATURE:1cxx_variable_templates
    Feature record: CXX_FEATURE:1cxx_variadic_macros
    Feature record: CXX_FEATURE:1cxx_variadic_templates


Detecting CXX [-std=c++11] compiler features compiled with the following output:
Change Dir: /Users/mackhartley/Code/School/CompGeo/project/FaceRecC/build/CMakeFiles/CMakeTmp

Run Build Command:"/usr/bin/make" "cmTC_b9478/fast"
/Applications/Xcode.app/Contents/Developer/usr/bin/make -f CMakeFiles/cmTC_b9478.dir/build.make CMakeFiles/cmTC_b9478.dir/build
Building CXX object CMakeFiles/cmTC_b9478.dir/feature_tests.cxx.o
/Applications/Xcode.app/Contents/Developer/Toolchains/XcodeDefault.xctoolchain/usr/bin/c++    -std=c++11 -o CMakeFiles/cmTC_b9478.dir/feature_tests.cxx.o -c /Users/mackhartley/Code/School/CompGeo/project/FaceRecC/build/CMakeFiles/feature_tests.cxx
Linking CXX executable cmTC_b9478
/usr/local/Cellar/cmake/3.9.6/bin/cmake -E cmake_link_script CMakeFiles/cmTC_b9478.dir/link.txt --verbose=1
/Applications/Xcode.app/Contents/Developer/Toolchains/XcodeDefault.xctoolchain/usr/bin/c++    -Wl,-search_paths_first -Wl,-headerpad_max_install_names   CMakeFiles/cmTC_b9478.dir/feature_tests.cxx.o  -o cmTC_b9478 


    Feature record: CXX_FEATURE:0cxx_aggregate_default_initializers
    Feature record: CXX_FEATURE:1cxx_alias_templates
    Feature record: CXX_FEATURE:1cxx_alignas
    Feature record: CXX_FEATURE:1cxx_alignof
    Feature record: CXX_FEATURE:1cxx_attributes
    Feature record: CXX_FEATURE:0cxx_attribute_deprecated
    Feature record: CXX_FEATURE:1cxx_auto_type
    Feature record: CXX_FEATURE:0cxx_binary_literals
    Feature record: CXX_FEATURE:1cxx_constexpr
    Feature record: CXX_FEATURE:0cxx_contextual_conversions
    Feature record: CXX_FEATURE:1cxx_decltype
    Feature record: CXX_FEATURE:0cxx_decltype_auto
    Feature record: CXX_FEATURE:1cxx_decltype_incomplete_return_types
    Feature record: CXX_FEATURE:1cxx_default_function_template_args
    Feature record: CXX_FEATURE:1cxx_defaulted_functions
    Feature record: CXX_FEATURE:1cxx_defaulted_move_initializers
    Feature record: CXX_FEATURE:1cxx_delegating_constructors
    Feature record: CXX_FEATURE:1cxx_deleted_functions
    Feature record: CXX_FEATURE:0cxx_digit_separators
    Feature record: CXX_FEATURE:1cxx_enum_forward_declarations
    Feature record: CXX_FEATURE:1cxx_explicit_conversions
    Feature record: CXX_FEATURE:1cxx_extended_friend_declarations
    Feature record: CXX_FEATURE:1cxx_extern_templates
    Feature record: CXX_FEATURE:1cxx_final
    Feature record: CXX_FEATURE:1cxx_func_identifier
    Feature record: CXX_FEATURE:1cxx_generalized_initializers
    Feature record: CXX_FEATURE:0cxx_generic_lambdas
    Feature record: CXX_FEATURE:1cxx_inheriting_constructors
    Feature record: CXX_FEATURE:1cxx_inline_namespaces
    Feature record: CXX_FEATURE:1cxx_lambdas
    Feature record: CXX_FEATURE:0cxx_lambda_init_captures
    Feature record: CXX_FEATURE:1cxx_local_type_template_args
    Feature record: CXX_FEATURE:1cxx_long_long_type
    Feature record: CXX_FEATURE:1cxx_noexcept
    Feature record: CXX_FEATURE:1cxx_nonstatic_member_init
    Feature record: CXX_FEATURE:1cxx_nullptr
    Feature record: CXX_FEATURE:1cxx_override
    Feature record: CXX_FEATURE:1cxx_range_for
    Feature record: CXX_FEATURE:1cxx_raw_string_literals
    Feature record: CXX_FEATURE:1cxx_reference_qualified_functions
    Feature record: CXX_FEATURE:0cxx_relaxed_constexpr
    Feature record: CXX_FEATURE:0cxx_return_type_deduction
    Feature record: CXX_FEATURE:1cxx_right_angle_brackets
    Feature record: CXX_FEATURE:1cxx_rvalue_references
    Feature record: CXX_FEATURE:1cxx_sizeof_member
    Feature record: CXX_FEATURE:1cxx_static_assert
    Feature record: CXX_FEATURE:1cxx_strong_enums
    Feature record: CXX_FEATURE:1cxx_template_template_parameters
    Feature record: CXX_FEATURE:1cxx_thread_local
    Feature record: CXX_FEATURE:1cxx_trailing_return_types
    Feature record: CXX_FEATURE:1cxx_unicode_literals
    Feature record: CXX_FEATURE:1cxx_uniform_initialization
    Feature record: CXX_FEATURE:1cxx_unrestricted_unions
    Feature record: CXX_FEATURE:1cxx_user_literals
    Feature record: CXX_FEATURE:0cxx_variable_templates
    Feature record: CXX_FEATURE:1cxx_variadic_macros
    Feature record: CXX_FEATURE:1cxx_variadic_templates


Detecting CXX [-std=c++98] compiler features compiled with the following output:
Change Dir: /Users/mackhartley/Code/School/CompGeo/project/FaceRecC/build/CMakeFiles/CMakeTmp

Run Build Command:"/usr/bin/make" "cmTC_0d743/fast"
/Applications/Xcode.app/Contents/Developer/usr/bin/make -f CMakeFiles/cmTC_0d743.dir/build.make CMakeFiles/cmTC_0d743.dir/build
Building CXX object CMakeFiles/cmTC_0d743.dir/feature_tests.cxx.o
/Applications/Xcode.app/Contents/Developer/Toolchains/XcodeDefault.xctoolchain/usr/bin/c++    -std=c++98 -o CMakeFiles/cmTC_0d743.dir/feature_tests.cxx.o -c /Users/mackhartley/Code/School/CompGeo/project/FaceRecC/build/CMakeFiles/feature_tests.cxx
Linking CXX executable cmTC_0d743
/usr/local/Cellar/cmake/3.9.6/bin/cmake -E cmake_link_script CMakeFiles/cmTC_0d743.dir/link.txt --verbose=1
/Applications/Xcode.app/Contents/Developer/Toolchains/XcodeDefault.xctoolchain/usr/bin/c++    -Wl,-search_paths_first -Wl,-headerpad_max_install_names   CMakeFiles/cmTC_0d743.dir/feature_tests.cxx.o  -o cmTC_0d743 


    Feature record: CXX_FEATURE:0cxx_aggregate_default_initializers
    Feature record: CXX_FEATURE:0cxx_alias_templates
    Feature record: CXX_FEATURE:0cxx_alignas
    Feature record: CXX_FEATURE:0cxx_alignof
    Feature record: CXX_FEATURE:0cxx_attributes
    Feature record: CXX_FEATURE:0cxx_attribute_deprecated
    Feature record: CXX_FEATURE:0cxx_auto_type
    Feature record: CXX_FEATURE:0cxx_binary_literals
    Feature record: CXX_FEATURE:0cxx_constexpr
    Feature record: CXX_FEATURE:0cxx_contextual_conversions
    Feature record: CXX_FEATURE:0cxx_decltype
    Feature record: CXX_FEATURE:0cxx_decltype_auto
    Feature record: CXX_FEATURE:0cxx_decltype_incomplete_return_types
    Feature record: CXX_FEATURE:0cxx_default_function_template_args
    Feature record: CXX_FEATURE:0cxx_defaulted_functions
    Feature record: CXX_FEATURE:0cxx_defaulted_move_initializers
    Feature record: CXX_FEATURE:0cxx_delegating_constructors
    Feature record: CXX_FEATURE:0cxx_deleted_functions
    Feature record: CXX_FEATURE:0cxx_digit_separators
    Feature record: CXX_FEATURE:0cxx_enum_forward_declarations
    Feature record: CXX_FEATURE:0cxx_explicit_conversions
    Feature record: CXX_FEATURE:0cxx_extended_friend_declarations
    Feature record: CXX_FEATURE:0cxx_extern_templates
    Feature record: CXX_FEATURE:0cxx_final
    Feature record: CXX_FEATURE:0cxx_func_identifier
    Feature record: CXX_FEATURE:0cxx_generalized_initializers
    Feature record: CXX_FEATURE:0cxx_generic_lambdas
    Feature record: CXX_FEATURE:0cxx_inheriting_constructors
    Feature record: CXX_FEATURE:0cxx_inline_namespaces
    Feature record: CXX_FEATURE:0cxx_lambdas
    Feature record: CXX_FEATURE:0cxx_lambda_init_captures
    Feature record: CXX_FEATURE:0cxx_local_type_template_args
    Feature record: CXX_FEATURE:0cxx_long_long_type
    Feature record: CXX_FEATURE:0cxx_noexcept
    Feature record: CXX_FEATURE:0cxx_nonstatic_member_init
    Feature record: CXX_FEATURE:0cxx_nullptr
    Feature record: CXX_FEATURE:0cxx_override
    Feature record: CXX_FEATURE:0cxx_range_for
    Feature record: CXX_FEATURE:0cxx_raw_string_literals
    Feature record: CXX_FEATURE:0cxx_reference_qualified_functions
    Feature record: CXX_FEATURE:0cxx_relaxed_constexpr
    Feature record: CXX_FEATURE:0cxx_return_type_deduction
    Feature record: CXX_FEATURE:0cxx_right_angle_brackets
    Feature record: CXX_FEATURE:0cxx_rvalue_references
    Feature record: CXX_FEATURE:0cxx_sizeof_member
    Feature record: CXX_FEATURE:0cxx_static_assert
    Feature record: CXX_FEATURE:0cxx_strong_enums
    Feature record: CXX_FEATURE:1cxx_template_template_parameters
    Feature record: CXX_FEATURE:0cxx_thread_local
    Feature record: CXX_FEATURE:0cxx_trailing_return_types
    Feature record: CXX_FEATURE:0cxx_unicode_literals
    Feature record: CXX_FEATURE:0cxx_uniform_initialization
    Feature record: CXX_FEATURE:0cxx_unrestricted_unions
    Feature record: CXX_FEATURE:0cxx_user_literals
    Feature record: CXX_FEATURE:0cxx_variable_templates
    Feature record: CXX_FEATURE:0cxx_variadic_macros
    Feature record: CXX_FEATURE:0cxx_variadic_templates
Determining if the include file pthread.h exists passed with the following output:
Change Dir: /Users/mackhartley/Code/School/CompGeo/project/FaceRecC/build/CMakeFiles/CMakeTmp

Run Build Command:"/usr/bin/make" "cmTC_4d8d1/fast"
/Applications/Xcode.app/Contents/Developer/usr/bin/make -f CMakeFiles/cmTC_4d8d1.dir/build.make CMakeFiles/cmTC_4d8d1.dir/build
Building C object CMakeFiles/cmTC_4d8d1.dir/CheckIncludeFile.c.o
/Applications/Xcode.app/Contents/Developer/Toolchains/XcodeDefault.xctoolchain/usr/bin/cc    -o CMakeFiles/cmTC_4d8d1.dir/CheckIncludeFile.c.o   -c /Users/mackhartley/Code/School/CompGeo/project/FaceRecC/build/CMakeFiles/CMakeTmp/CheckIncludeFile.c
Linking C executable cmTC_4d8d1
/usr/local/Cellar/cmake/3.9.6/bin/cmake -E cmake_link_script CMakeFiles/cmTC_4d8d1.dir/link.txt --verbose=1
/Applications/Xcode.app/Contents/Developer/Toolchains/XcodeDefault.xctoolchain/usr/bin/cc   -Wl,-search_paths_first -Wl,-headerpad_max_install_names   CMakeFiles/cmTC_4d8d1.dir/CheckIncludeFile.c.o  -o cmTC_4d8d1 


Determining if the pthread_create exist passed with the following output:
Change Dir: /Users/mackhartley/Code/School/CompGeo/project/FaceRecC/build/CMakeFiles/CMakeTmp

Run Build Command:"/usr/bin/make" "cmTC_1c105/fast"
/Applications/Xcode.app/Contents/Developer/usr/bin/make -f CMakeFiles/cmTC_1c105.dir/build.make CMakeFiles/cmTC_1c105.dir/build
Building C object CMakeFiles/cmTC_1c105.dir/CheckSymbolExists.c.o
/Applications/Xcode.app/Contents/Developer/Toolchains/XcodeDefault.xctoolchain/usr/bin/cc    -o CMakeFiles/cmTC_1c105.dir/CheckSymbolExists.c.o   -c /Users/mackhartley/Code/School/CompGeo/project/FaceRecC/build/CMakeFiles/CMakeTmp/CheckSymbolExists.c
Linking C executable cmTC_1c105
/usr/local/Cellar/cmake/3.9.6/bin/cmake -E cmake_link_script CMakeFiles/cmTC_1c105.dir/link.txt --verbose=1
/Applications/Xcode.app/Contents/Developer/Toolchains/XcodeDefault.xctoolchain/usr/bin/cc   -Wl,-search_paths_first -Wl,-headerpad_max_install_names   CMakeFiles/cmTC_1c105.dir/CheckSymbolExists.c.o  -o cmTC_1c105 

File /Users/mackhartley/Code/School/CompGeo/project/FaceRecC/build/CMakeFiles/CMakeTmp/CheckSymbolExists.c:
/* */
#include <pthread.h>

int main(int argc, char** argv)
{
  (void)argv;
#ifndef pthread_create
  return ((int*)(&pthread_create))[argc];
#else
  (void)argc;
  return 0;
#endif
}

Determining if the function XOpenDisplay exists in the /usr/X11R6/lib/libX11.dylib;/usr/X11R6/lib/libXext.dylib passed with the following output:
Change Dir: /Users/mackhartley/Code/School/CompGeo/project/FaceRecC/build/CMakeFiles/CMakeTmp

Run Build Command:"/usr/bin/make" "cmTC_1245e/fast"
/Applications/Xcode.app/Contents/Developer/usr/bin/make -f CMakeFiles/cmTC_1245e.dir/build.make CMakeFiles/cmTC_1245e.dir/build
Building C object CMakeFiles/cmTC_1245e.dir/CheckFunctionExists.c.o
/Applications/Xcode.app/Contents/Developer/Toolchains/XcodeDefault.xctoolchain/usr/bin/cc   -DCHECK_FUNCTION_EXISTS=XOpenDisplay   -o CMakeFiles/cmTC_1245e.dir/CheckFunctionExists.c.o   -c /usr/local/Cellar/cmake/3.9.6/share/cmake/Modules/CheckFunctionExists.c
Linking C executable cmTC_1245e
/usr/local/Cellar/cmake/3.9.6/bin/cmake -E cmake_link_script CMakeFiles/cmTC_1245e.dir/link.txt --verbose=1
/Applications/Xcode.app/Contents/Developer/Toolchains/XcodeDefault.xctoolchain/usr/bin/cc  -DCHECK_FUNCTION_EXISTS=XOpenDisplay -Wl,-search_paths_first -Wl,-headerpad_max_install_names   CMakeFiles/cmTC_1245e.dir/CheckFunctionExists.c.o  -o cmTC_1245e  -L/usr/X11R6/lib -Wl,-rpath,/usr/X11R6/lib /usr/X11R6/lib/libX11.dylib /usr/X11R6/lib/libXext.dylib 


Determining if the function gethostbyname exists passed with the following output:
Change Dir: /Users/mackhartley/Code/School/CompGeo/project/FaceRecC/build/CMakeFiles/CMakeTmp

Run Build Command:"/usr/bin/make" "cmTC_278d8/fast"
/Applications/Xcode.app/Contents/Developer/usr/bin/make -f CMakeFiles/cmTC_278d8.dir/build.make CMakeFiles/cmTC_278d8.dir/build
Building C object CMakeFiles/cmTC_278d8.dir/CheckFunctionExists.c.o
/Applications/Xcode.app/Contents/Developer/Toolchains/XcodeDefault.xctoolchain/usr/bin/cc   -DCHECK_FUNCTION_EXISTS=gethostbyname   -o CMakeFiles/cmTC_278d8.dir/CheckFunctionExists.c.o   -c /usr/local/Cellar/cmake/3.9.6/share/cmake/Modules/CheckFunctionExists.c
Linking C executable cmTC_278d8
/usr/local/Cellar/cmake/3.9.6/bin/cmake -E cmake_link_script CMakeFiles/cmTC_278d8.dir/link.txt --verbose=1
/Applications/Xcode.app/Contents/Developer/Toolchains/XcodeDefault.xctoolchain/usr/bin/cc  -DCHECK_FUNCTION_EXISTS=gethostbyname -Wl,-search_paths_first -Wl,-headerpad_max_install_names   CMakeFiles/cmTC_278d8.dir/CheckFunctionExists.c.o  -o cmTC_278d8 


Determining if the function connect exists passed with the following output:
Change Dir: /Users/mackhartley/Code/School/CompGeo/project/FaceRecC/build/CMakeFiles/CMakeTmp

Run Build Command:"/usr/bin/make" "cmTC_f50d2/fast"
/Applications/Xcode.app/Contents/Developer/usr/bin/make -f CMakeFiles/cmTC_f50d2.dir/build.make CMakeFiles/cmTC_f50d2.dir/build
Building C object CMakeFiles/cmTC_f50d2.dir/CheckFunctionExists.c.o
/Applications/Xcode.app/Contents/Developer/Toolchains/XcodeDefault.xctoolchain/usr/bin/cc   -DCHECK_FUNCTION_EXISTS=connect   -o CMakeFiles/cmTC_f50d2.dir/CheckFunctionExists.c.o   -c /usr/local/Cellar/cmake/3.9.6/share/cmake/Modules/CheckFunctionExists.c
Linking C executable cmTC_f50d2
/usr/local/Cellar/cmake/3.9.6/bin/cmake -E cmake_link_script CMakeFiles/cmTC_f50d2.dir/link.txt --verbose=1
/Applications/Xcode.app/Contents/Developer/Toolchains/XcodeDefault.xctoolchain/usr/bin/cc  -DCHECK_FUNCTION_EXISTS=connect -Wl,-search_paths_first -Wl,-headerpad_max_install_names   CMakeFiles/cmTC_f50d2.dir/CheckFunctionExists.c.o  -o cmTC_f50d2 


Determining if the function remove exists passed with the following output:
Change Dir: /Users/mackhartley/Code/School/CompGeo/project/FaceRecC/build/CMakeFiles/CMakeTmp

Run Build Command:"/usr/bin/make" "cmTC_4b50f/fast"
/Applications/Xcode.app/Contents/Developer/usr/bin/make -f CMakeFiles/cmTC_4b50f.dir/build.make CMakeFiles/cmTC_4b50f.dir/build
Building C object CMakeFiles/cmTC_4b50f.dir/CheckFunctionExists.c.o
/Applications/Xcode.app/Contents/Developer/Toolchains/XcodeDefault.xctoolchain/usr/bin/cc   -DCHECK_FUNCTION_EXISTS=remove   -o CMakeFiles/cmTC_4b50f.dir/CheckFunctionExists.c.o   -c /usr/local/Cellar/cmake/3.9.6/share/cmake/Modules/CheckFunctionExists.c
Linking C executable cmTC_4b50f
/usr/local/Cellar/cmake/3.9.6/bin/cmake -E cmake_link_script CMakeFiles/cmTC_4b50f.dir/link.txt --verbose=1
/Applications/Xcode.app/Contents/Developer/Toolchains/XcodeDefault.xctoolchain/usr/bin/cc  -DCHECK_FUNCTION_EXISTS=remove -Wl,-search_paths_first -Wl,-headerpad_max_install_names   CMakeFiles/cmTC_4b50f.dir/CheckFunctionExists.c.o  -o cmTC_4b50f 


Determining if the function shmat exists passed with the following output:
Change Dir: /Users/mackhartley/Code/School/CompGeo/project/FaceRecC/build/CMakeFiles/CMakeTmp

Run Build Command:"/usr/bin/make" "cmTC_0896e/fast"
/Applications/Xcode.app/Contents/Developer/usr/bin/make -f CMakeFiles/cmTC_0896e.dir/build.make CMakeFiles/cmTC_0896e.dir/build
Building C object CMakeFiles/cmTC_0896e.dir/CheckFunctionExists.c.o
/Applications/Xcode.app/Contents/Developer/Toolchains/XcodeDefault.xctoolchain/usr/bin/cc   -DCHECK_FUNCTION_EXISTS=shmat   -o CMakeFiles/cmTC_0896e.dir/CheckFunctionExists.c.o   -c /usr/local/Cellar/cmake/3.9.6/share/cmake/Modules/CheckFunctionExists.c
Linking C executable cmTC_0896e
/usr/local/Cellar/cmake/3.9.6/bin/cmake -E cmake_link_script CMakeFiles/cmTC_0896e.dir/link.txt --verbose=1
/Applications/Xcode.app/Contents/Developer/Toolchains/XcodeDefault.xctoolchain/usr/bin/cc  -DCHECK_FUNCTION_EXISTS=shmat -Wl,-search_paths_first -Wl,-headerpad_max_install_names   CMakeFiles/cmTC_0896e.dir/CheckFunctionExists.c.o  -o cmTC_0896e 


Determining if the function IceConnectionNumber exists in the ICE passed with the following output:
Change Dir: /Users/mackhartley/Code/School/CompGeo/project/FaceRecC/build/CMakeFiles/CMakeTmp

Run Build Command:"/usr/bin/make" "cmTC_23e76/fast"
/Applications/Xcode.app/Contents/Developer/usr/bin/make -f CMakeFiles/cmTC_23e76.dir/build.make CMakeFiles/cmTC_23e76.dir/build
Building C object CMakeFiles/cmTC_23e76.dir/CheckFunctionExists.c.o
/Applications/Xcode.app/Contents/Developer/Toolchains/XcodeDefault.xctoolchain/usr/bin/cc   -DCHECK_FUNCTION_EXISTS=IceConnectionNumber   -o CMakeFiles/cmTC_23e76.dir/CheckFunctionExists.c.o   -c /usr/local/Cellar/cmake/3.9.6/share/cmake/Modules/CheckFunctionExists.c
Linking C executable cmTC_23e76
/usr/local/Cellar/cmake/3.9.6/bin/cmake -E cmake_link_script CMakeFiles/cmTC_23e76.dir/link.txt --verbose=1
/Applications/Xcode.app/Contents/Developer/Toolchains/XcodeDefault.xctoolchain/usr/bin/cc  -DCHECK_FUNCTION_EXISTS=IceConnectionNumber -Wl,-search_paths_first -Wl,-headerpad_max_install_names   CMakeFiles/cmTC_23e76.dir/CheckFunctionExists.c.o  -o cmTC_23e76  -L/usr/X11R6/lib -Wl,-rpath,/usr/X11R6/lib -lICE 


Determining if the function png_create_read_struct exists passed with the following output:
Change Dir: /Users/mackhartley/Code/School/CompGeo/project/FaceRecC/build/CMakeFiles/CMakeTmp

Run Build Command:"/usr/bin/make" "cmTC_859d2/fast"
/Applications/Xcode.app/Contents/Developer/usr/bin/make -f CMakeFiles/cmTC_859d2.dir/build.make CMakeFiles/cmTC_859d2.dir/build
Building C object CMakeFiles/cmTC_859d2.dir/CheckFunctionExists.c.o
/Applications/Xcode.app/Contents/Developer/Toolchains/XcodeDefault.xctoolchain/usr/bin/cc   -DCHECK_FUNCTION_EXISTS=png_create_read_struct   -o CMakeFiles/cmTC_859d2.dir/CheckFunctionExists.c.o   -c /usr/local/Cellar/cmake/3.9.6/share/cmake/Modules/CheckFunctionExists.c
Linking C executable cmTC_859d2
/usr/local/Cellar/cmake/3.9.6/bin/cmake -E cmake_link_script CMakeFiles/cmTC_859d2.dir/link.txt --verbose=1
/Applications/Xcode.app/Contents/Developer/Toolchains/XcodeDefault.xctoolchain/usr/bin/cc  -DCHECK_FUNCTION_EXISTS=png_create_read_struct -Wl,-search_paths_first -Wl,-headerpad_max_install_names   CMakeFiles/cmTC_859d2.dir/CheckFunctionExists.c.o  -o cmTC_859d2 /usr/local/lib/libpng.dylib /usr/lib/libz.dylib 


Determining if the function jpeg_read_header exists passed with the following output:
Change Dir: /Users/mackhartley/Code/School/CompGeo/project/FaceRecC/build/CMakeFiles/CMakeTmp

Run Build Command:"/usr/bin/make" "cmTC_0b058/fast"
/Applications/Xcode.app/Contents/Developer/usr/bin/make -f CMakeFiles/cmTC_0b058.dir/build.make CMakeFiles/cmTC_0b058.dir/build
Building C object CMakeFiles/cmTC_0b058.dir/CheckFunctionExists.c.o
/Applications/Xcode.app/Contents/Developer/Toolchains/XcodeDefault.xctoolchain/usr/bin/cc   -DCHECK_FUNCTION_EXISTS=jpeg_read_header   -o CMakeFiles/cmTC_0b058.dir/CheckFunctionExists.c.o   -c /usr/local/Cellar/cmake/3.9.6/share/cmake/Modules/CheckFunctionExists.c
Linking C executable cmTC_0b058
/usr/local/Cellar/cmake/3.9.6/bin/cmake -E cmake_link_script CMakeFiles/cmTC_0b058.dir/link.txt --verbose=1
/Applications/Xcode.app/Contents/Developer/Toolchains/XcodeDefault.xctoolchain/usr/bin/cc  -DCHECK_FUNCTION_EXISTS=jpeg_read_header -Wl,-search_paths_first -Wl,-headerpad_max_install_names   CMakeFiles/cmTC_0b058.dir/CheckFunctionExists.c.o  -o cmTC_0b058 /usr/local/lib/libjpeg.dylib 


Determining if the include file sys/types.h exists passed with the following output:
Change Dir: /Users/mackhartley/Code/School/CompGeo/project/FaceRecC/build/CMakeFiles/CMakeTmp

Run Build Command:"/usr/bin/make" "cmTC_3f9ec/fast"
/Applications/Xcode.app/Contents/Developer/usr/bin/make -f CMakeFiles/cmTC_3f9ec.dir/build.make CMakeFiles/cmTC_3f9ec.dir/build
Building C object CMakeFiles/cmTC_3f9ec.dir/CheckIncludeFile.c.o
/Applications/Xcode.app/Contents/Developer/Toolchains/XcodeDefault.xctoolchain/usr/bin/cc    -o CMakeFiles/cmTC_3f9ec.dir/CheckIncludeFile.c.o   -c /Users/mackhartley/Code/School/CompGeo/project/FaceRecC/build/CMakeFiles/CMakeTmp/CheckIncludeFile.c
Linking C executable cmTC_3f9ec
/usr/local/Cellar/cmake/3.9.6/bin/cmake -E cmake_link_script CMakeFiles/cmTC_3f9ec.dir/link.txt --verbose=1
/Applications/Xcode.app/Contents/Developer/Toolchains/XcodeDefault.xctoolchain/usr/bin/cc   -Wl,-search_paths_first -Wl,-headerpad_max_install_names   CMakeFiles/cmTC_3f9ec.dir/CheckIncludeFile.c.o  -o cmTC_3f9ec 


Determining if the include file stdint.h exists passed with the following output:
Change Dir: /Users/mackhartley/Code/School/CompGeo/project/FaceRecC/build/CMakeFiles/CMakeTmp

Run Build Command:"/usr/bin/make" "cmTC_b718b/fast"
/Applications/Xcode.app/Contents/Developer/usr/bin/make -f CMakeFiles/cmTC_b718b.dir/build.make CMakeFiles/cmTC_b718b.dir/build
Building C object CMakeFiles/cmTC_b718b.dir/CheckIncludeFile.c.o
/Applications/Xcode.app/Contents/Developer/Toolchains/XcodeDefault.xctoolchain/usr/bin/cc    -o CMakeFiles/cmTC_b718b.dir/CheckIncludeFile.c.o   -c /Users/mackhartley/Code/School/CompGeo/project/FaceRecC/build/CMakeFiles/CMakeTmp/CheckIncludeFile.c
Linking C executable cmTC_b718b
/usr/local/Cellar/cmake/3.9.6/bin/cmake -E cmake_link_script CMakeFiles/cmTC_b718b.dir/link.txt --verbose=1
/Applications/Xcode.app/Contents/Developer/Toolchains/XcodeDefault.xctoolchain/usr/bin/cc   -Wl,-search_paths_first -Wl,-headerpad_max_install_names   CMakeFiles/cmTC_b718b.dir/CheckIncludeFile.c.o  -o cmTC_b718b 


Determining if the include file stddef.h exists passed with the following output:
Change Dir: /Users/mackhartley/Code/School/CompGeo/project/FaceRecC/build/CMakeFiles/CMakeTmp

Run Build Command:"/usr/bin/make" "cmTC_12147/fast"
/Applications/Xcode.app/Contents/Developer/usr/bin/make -f CMakeFiles/cmTC_12147.dir/build.make CMakeFiles/cmTC_12147.dir/build
Building C object CMakeFiles/cmTC_12147.dir/CheckIncludeFile.c.o
/Applications/Xcode.app/Contents/Developer/Toolchains/XcodeDefault.xctoolchain/usr/bin/cc    -o CMakeFiles/cmTC_12147.dir/CheckIncludeFile.c.o   -c /Users/mackhartley/Code/School/CompGeo/project/FaceRecC/build/CMakeFiles/CMakeTmp/CheckIncludeFile.c
Linking C executable cmTC_12147
/usr/local/Cellar/cmake/3.9.6/bin/cmake -E cmake_link_script CMakeFiles/cmTC_12147.dir/link.txt --verbose=1
/Applications/Xcode.app/Contents/Developer/Toolchains/XcodeDefault.xctoolchain/usr/bin/cc   -Wl,-search_paths_first -Wl,-headerpad_max_install_names   CMakeFiles/cmTC_12147.dir/CheckIncludeFile.c.o  -o cmTC_12147 


Determining size of void* passed with the following output:
Change Dir: /Users/mackhartley/Code/School/CompGeo/project/FaceRecC/build/CMakeFiles/CMakeTmp

Run Build Command:"/usr/bin/make" "cmTC_68bb8/fast"
/Applications/Xcode.app/Contents/Developer/usr/bin/make -f CMakeFiles/cmTC_68bb8.dir/build.make CMakeFiles/cmTC_68bb8.dir/build
Building C object CMakeFiles/cmTC_68bb8.dir/SIZE_OF_VOID_PTR.c.o
/Applications/Xcode.app/Contents/Developer/Toolchains/XcodeDefault.xctoolchain/usr/bin/cc    -o CMakeFiles/cmTC_68bb8.dir/SIZE_OF_VOID_PTR.c.o   -c /Users/mackhartley/Code/School/CompGeo/project/FaceRecC/build/CMakeFiles/CheckTypeSize/SIZE_OF_VOID_PTR.c
Linking C executable cmTC_68bb8
/usr/local/Cellar/cmake/3.9.6/bin/cmake -E cmake_link_script CMakeFiles/cmTC_68bb8.dir/link.txt --verbose=1
/Applications/Xcode.app/Contents/Developer/Toolchains/XcodeDefault.xctoolchain/usr/bin/cc   -Wl,-search_paths_first -Wl,-headerpad_max_install_names   CMakeFiles/cmTC_68bb8.dir/SIZE_OF_VOID_PTR.c.o  -o cmTC_68bb8 /usr/local/lib/libjpeg.dylib 


Determining if the function cblas_ddot exists passed with the following output:
Change Dir: /Users/mackhartley/Code/School/CompGeo/project/FaceRecC/build/CMakeFiles/CMakeTmp

Run Build Command:"/usr/bin/make" "cmTC_c73b0/fast"
/Applications/Xcode.app/Contents/Developer/usr/bin/make -f CMakeFiles/cmTC_c73b0.dir/build.make CMakeFiles/cmTC_c73b0.dir/build
Building C object CMakeFiles/cmTC_c73b0.dir/CheckFunctionExists.c.o
/Applications/Xcode.app/Contents/Developer/Toolchains/XcodeDefault.xctoolchain/usr/bin/cc   -DCHECK_FUNCTION_EXISTS=cblas_ddot   -o CMakeFiles/cmTC_c73b0.dir/CheckFunctionExists.c.o   -c /usr/local/Cellar/cmake/3.9.6/share/cmake/Modules/CheckFunctionExists.c
Linking C executable cmTC_c73b0
/usr/local/Cellar/cmake/3.9.6/bin/cmake -E cmake_link_script CMakeFiles/cmTC_c73b0.dir/link.txt --verbose=1
/Applications/Xcode.app/Contents/Developer/Toolchains/XcodeDefault.xctoolchain/usr/bin/cc  -DCHECK_FUNCTION_EXISTS=cblas_ddot -Wl,-search_paths_first -Wl,-headerpad_max_install_names   CMakeFiles/cmTC_c73b0.dir/CheckFunctionExists.c.o  -o cmTC_c73b0 /usr/lib/libcblas.dylib 


Determining if the function sgesv exists passed with the following output:
Change Dir: /Users/mackhartley/Code/School/CompGeo/project/FaceRecC/build/CMakeFiles/CMakeTmp

Run Build Command:"/usr/bin/make" "cmTC_b1a4f/fast"
/Applications/Xcode.app/Contents/Developer/usr/bin/make -f CMakeFiles/cmTC_b1a4f.dir/build.make CMakeFiles/cmTC_b1a4f.dir/build
Building C object CMakeFiles/cmTC_b1a4f.dir/CheckFunctionExists.c.o
/Applications/Xcode.app/Contents/Developer/Toolchains/XcodeDefault.xctoolchain/usr/bin/cc   -DCHECK_FUNCTION_EXISTS=sgesv   -o CMakeFiles/cmTC_b1a4f.dir/CheckFunctionExists.c.o   -c /usr/local/Cellar/cmake/3.9.6/share/cmake/Modules/CheckFunctionExists.c
Linking C executable cmTC_b1a4f
/usr/local/Cellar/cmake/3.9.6/bin/cmake -E cmake_link_script CMakeFiles/cmTC_b1a4f.dir/link.txt --verbose=1
/Applications/Xcode.app/Contents/Developer/Toolchains/XcodeDefault.xctoolchain/usr/bin/cc  -DCHECK_FUNCTION_EXISTS=sgesv -Wl,-search_paths_first -Wl,-headerpad_max_install_names   CMakeFiles/cmTC_b1a4f.dir/CheckFunctionExists.c.o  -o cmTC_b1a4f /usr/lib/liblapack.dylib 


Determining if the function sgesv_ exists passed with the following output:
Change Dir: /Users/mackhartley/Code/School/CompGeo/project/FaceRecC/build/CMakeFiles/CMakeTmp

Run Build Command:"/usr/bin/make" "cmTC_20506/fast"
/Applications/Xcode.app/Contents/Developer/usr/bin/make -f CMakeFiles/cmTC_20506.dir/build.make CMakeFiles/cmTC_20506.dir/build
Building C object CMakeFiles/cmTC_20506.dir/CheckFunctionExists.c.o
/Applications/Xcode.app/Contents/Developer/Toolchains/XcodeDefault.xctoolchain/usr/bin/cc   -DCHECK_FUNCTION_EXISTS=sgesv_   -o CMakeFiles/cmTC_20506.dir/CheckFunctionExists.c.o   -c /usr/local/Cellar/cmake/3.9.6/share/cmake/Modules/CheckFunctionExists.c
Linking C executable cmTC_20506
/usr/local/Cellar/cmake/3.9.6/bin/cmake -E cmake_link_script CMakeFiles/cmTC_20506.dir/link.txt --verbose=1
/Applications/Xcode.app/Contents/Developer/Toolchains/XcodeDefault.xctoolchain/usr/bin/cc  -DCHECK_FUNCTION_EXISTS=sgesv_ -Wl,-search_paths_first -Wl,-headerpad_max_install_names   CMakeFiles/cmTC_20506.dir/CheckFunctionExists.c.o  -o cmTC_20506 /usr/lib/liblapack.dylib 


